2020-07-18 23:18:29,005 ERROR [Worker-5: Decoration Calculation] - Statistics - Statistics file `/Users/lundi/.scalaide/statistics` is corrupted. A new one is being created. Corrupted content was:

com.cedarsoftware.util.io.JsonIoException: error parsing JSON value
	at com.cedarsoftware.util.io.JsonReader.readObject(JsonReader.java:529)
	at com.cedarsoftware.util.io.JsonReader.jsonToJava(JsonReader.java:289)
	at com.cedarsoftware.util.io.JsonReader.jsonToJava(JsonReader.java:262)
	at org.scalaide.core.internal.statistics.Statistics.read(Statistics.scala:74)
	at org.scalaide.core.internal.statistics.Statistics.$anonfun$readStats$1(Statistics.scala:52)
	at org.scalaide.core.internal.statistics.Statistics.$anonfun$readStats$1$adapted(Statistics.scala:51)
	at org.scalaide.core.ScalaIdeDataStore$.$anonfun$validate$2(ScalaIdeDataStore.scala:59)
	at org.scalaide.util.eclipse.EclipseUtils$$anon$3.run(EclipseUtils.scala:230)
	at org.eclipse.core.runtime.SafeRunner.run(SafeRunner.java:45)
	at org.scalaide.util.eclipse.EclipseUtils$.withSafeRunner(EclipseUtils.scala:226)
	at org.scalaide.core.ScalaIdeDataStore$.validate(ScalaIdeDataStore.scala:59)
	at org.scalaide.core.internal.statistics.Statistics.readStats(Statistics.scala:51)
	at org.scalaide.core.internal.statistics.Statistics.<init>(Statistics.scala:30)
	at org.scalaide.core.internal.ScalaPlugin.stats$lzycompute(ScalaPlugin.scala:135)
	at org.scalaide.core.internal.ScalaPlugin.stats(ScalaPlugin.scala:135)
	at org.scalaide.core.internal.ScalaPlugin.statistics(ScalaPlugin.scala:138)
	at org.scalaide.core.internal.ScalaPlugin.start(ScalaPlugin.scala:109)
	at org.eclipse.osgi.internal.framework.BundleContextImpl$3.run(BundleContextImpl.java:815)
	at org.eclipse.osgi.internal.framework.BundleContextImpl$3.run(BundleContextImpl.java:1)
	at java.security.AccessController.doPrivileged(Native Method)
	at org.eclipse.osgi.internal.framework.BundleContextImpl.startActivator(BundleContextImpl.java:808)
	at org.eclipse.osgi.internal.framework.BundleContextImpl.start(BundleContextImpl.java:765)
	at org.eclipse.osgi.internal.framework.EquinoxBundle.startWorker0(EquinoxBundle.java:1005)
	at org.eclipse.osgi.internal.framework.EquinoxBundle$EquinoxModule.startWorker(EquinoxBundle.java:357)
	at org.eclipse.osgi.container.Module.doStart(Module.java:589)
	at org.eclipse.osgi.container.Module.start(Module.java:457)
	at org.eclipse.osgi.framework.util.SecureAction.start(SecureAction.java:471)
	at org.eclipse.osgi.internal.hooks.EclipseLazyStarter.postFindLocalClass(EclipseLazyStarter.java:117)
	at org.eclipse.osgi.internal.loader.classpath.ClasspathManager.findLocalClass(ClasspathManager.java:570)
	at org.eclipse.osgi.internal.loader.ModuleClassLoader.findLocalClass(ModuleClassLoader.java:331)
	at org.eclipse.osgi.internal.loader.BundleLoader.findLocalClass(BundleLoader.java:395)
	at org.eclipse.osgi.internal.loader.BundleLoader.findClassInternal(BundleLoader.java:473)
	at org.eclipse.osgi.internal.loader.BundleLoader.findClass(BundleLoader.java:422)
	at org.eclipse.osgi.internal.loader.BundleLoader.findClass(BundleLoader.java:414)
	at org.eclipse.osgi.internal.loader.ModuleClassLoader.loadClass(ModuleClassLoader.java:153)
	at java.lang.ClassLoader.loadClass(ClassLoader.java:357)
	at org.eclipse.osgi.internal.framework.EquinoxBundle.loadClass(EquinoxBundle.java:612)
	at org.eclipse.core.internal.registry.osgi.RegistryStrategyOSGI.createExecutableExtension(RegistryStrategyOSGI.java:196)
	at org.eclipse.core.internal.registry.ExtensionRegistry.createExecutableExtension(ExtensionRegistry.java:934)
	at org.eclipse.core.internal.registry.ConfigurationElement.createExecutableExtension(ConfigurationElement.java:246)
	at org.eclipse.core.internal.registry.ConfigurationElementHandle.createExecutableExtension(ConfigurationElementHandle.java:63)
	at org.eclipse.ui.internal.WorkbenchPlugin.lambda$0(WorkbenchPlugin.java:291)
	at org.eclipse.swt.custom.BusyIndicator.showWhile(BusyIndicator.java:55)
	at org.eclipse.ui.internal.WorkbenchPlugin.createExtension(WorkbenchPlugin.java:288)
	at org.eclipse.ui.internal.decorators.LightweightDecoratorDefinition$1.run(LightweightDecoratorDefinition.java:128)
	at org.eclipse.core.runtime.SafeRunner.run(SafeRunner.java:45)
	at org.eclipse.ui.internal.decorators.LightweightDecoratorDefinition.internalGetDecorator(LightweightDecoratorDefinition.java:123)
	at org.eclipse.ui.internal.decorators.LightweightDecoratorDefinition.decorate(LightweightDecoratorDefinition.java:245)
	at org.eclipse.ui.internal.decorators.LightweightDecoratorManager$LightweightRunnable.run(LightweightDecoratorManager.java:107)
	at org.eclipse.core.runtime.SafeRunner.run(SafeRunner.java:45)
	at org.eclipse.ui.internal.decorators.LightweightDecoratorManager.decorate(LightweightDecoratorManager.java:380)
	at org.eclipse.ui.internal.decorators.LightweightDecoratorManager.getDecorations(LightweightDecoratorManager.java:362)
	at org.eclipse.ui.internal.decorators.DecorationScheduler$1.ensureResultCached(DecorationScheduler.java:350)
	at org.eclipse.ui.internal.decorators.DecorationScheduler$1.run(DecorationScheduler.java:313)
	at org.eclipse.core.internal.jobs.Worker.run(Worker.java:63)
Caused by: com.cedarsoftware.util.io.JsonIoException: EOF reached prematurely
	at com.cedarsoftware.util.io.JsonParser.error(JsonParser.java:584)
	at com.cedarsoftware.util.io.JsonParser.readValue(JsonParser.java:278)
	at com.cedarsoftware.util.io.JsonReader.readObject(JsonReader.java:521)
	... 54 more
2020-07-18 23:23:34,240 ERROR [ModalContext] - System.err - [org.eclipse.jdt.launching] error can't determine implemented interfaces of missing type org.eclipse.jdt.internal.core.manipulation.JavaElementLabelComposerCore
 [Xlint:cantFindType]
2020-07-18 23:33:18,200 ERROR [Worker-22: Building workspace] - System.err - [org.eclipse.pde.ui] error can't determine implemented interfaces of missing type org.eclipse.jdt.internal.core.manipulation.JavaElementLabelComposerCore
 [Xlint:cantFindType]
2020-07-18 23:33:38,546 ERROR [Worker-24: Initialize] - System.err - 2020-07-18 23:33:38.545:INFO::Worker-24: Initialize: Logging initialized @930025ms
2020-07-18 23:34:05,465 ERROR [main] - System.err - [org.eclipse.jdt.debug] error can't determine implemented interfaces of missing type org.eclipse.jdt.internal.core.manipulation.JavaElementLabelComposerCore
 [Xlint:cantFindType]
2020-07-20 13:44:06,943 ERROR [DisconnectableInputStream source reader] - System.err - Exception in thread "DisconnectableInputStream source reader"
2020-07-20 13:44:06,945 ERROR [DisconnectableInputStream source reader] - System.err - Exception in thread "DisconnectableInputStream source reader"
2020-07-20 13:44:06,945 ERROR [DisconnectableInputStream source reader] - System.err - Exception in thread "DisconnectableInputStream source reader"
2020-07-20 13:44:06,946 ERROR [DisconnectableInputStream source reader] - System.err - Exception in thread "DisconnectableInputStream source reader"
2020-07-20 13:44:06,946 ERROR [DisconnectableInputStream source reader] - System.err - Exception in thread "DisconnectableInputStream source reader"
2020-07-20 13:44:06,946 ERROR [DisconnectableInputStream source reader] - System.err - Exception in thread "DisconnectableInputStream source reader"
2020-07-20 13:44:06,946 ERROR [DisconnectableInputStream source reader] - System.err - Exception in thread "DisconnectableInputStream source reader"
2020-07-20 13:44:06,946 ERROR [DisconnectableInputStream source reader] - System.err - Exception in thread "DisconnectableInputStream source reader"
2020-07-20 13:44:06,946 ERROR [DisconnectableInputStream source reader] - System.err - Exception in thread "DisconnectableInputStream source reader"
2020-07-20 13:44:06,946 ERROR [DisconnectableInputStream source reader] - System.err - Exception in thread "DisconnectableInputStream source reader"
2020-07-20 13:44:06,946 ERROR [DisconnectableInputStream source reader] - System.err - Exception in thread "DisconnectableInputStream source reader"
2020-07-20 13:44:06,946 ERROR [DisconnectableInputStream source reader] - System.err - org.gradle.api.UncheckedIOException: java.io.IOException: Input Stream Closed
2020-07-20 13:44:06,946 ERROR [DisconnectableInputStream source reader] - System.err - at org.gradle.internal.UncheckedException.throwAsUncheckedException(UncheckedException.java:61)
2020-07-20 13:44:06,946 ERROR [DisconnectableInputStream source reader] - System.err - at org.gradle.internal.UncheckedException.throwAsUncheckedException(UncheckedException.java:41)
2020-07-20 13:44:06,946 ERROR [DisconnectableInputStream source reader] - System.err - at org.gradle.util.DisconnectableInputStream$1.run(DisconnectableInputStream.java:127)
2020-07-20 13:44:06,946 ERROR [DisconnectableInputStream source reader] - System.err - at java.lang.Thread.run(Thread.java:748)
2020-07-20 13:44:06,947 ERROR [DisconnectableInputStream source reader] - System.err - Caused by: java.io.IOException: Input Stream Closed
2020-07-20 13:44:06,947 ERROR [DisconnectableInputStream source reader] - System.err - at org.eclipse.ui.console.IOConsoleInputStream.available(IOConsoleInputStream.java:271)
2020-07-20 13:44:06,947 ERROR [DisconnectableInputStream source reader] - System.err - at org.eclipse.ui.console.IOConsoleInputStream.read(IOConsoleInputStream.java:98)
2020-07-20 13:44:06,947 ERROR [DisconnectableInputStream source reader] - System.err - at org.gradle.util.DisconnectableInputStream$1.run(DisconnectableInputStream.java:98)
2020-07-20 13:44:06,947 ERROR [DisconnectableInputStream source reader] - System.err - ... 1 more
2020-07-20 13:44:06,947 ERROR [DisconnectableInputStream source reader] - System.err - org.gradle.api.UncheckedIOException: java.io.IOException: Input Stream Closed
2020-07-20 13:44:06,947 ERROR [DisconnectableInputStream source reader] - System.err - at org.gradle.internal.UncheckedException.throwAsUncheckedException(UncheckedException.java:61)
2020-07-20 13:44:06,947 ERROR [DisconnectableInputStream source reader] - System.err - at org.gradle.internal.UncheckedException.throwAsUncheckedException(UncheckedException.java:41)
2020-07-20 13:44:06,947 ERROR [DisconnectableInputStream source reader] - System.err - at org.gradle.util.DisconnectableInputStream$1.run(DisconnectableInputStream.java:127)
2020-07-20 13:44:06,947 ERROR [DisconnectableInputStream source reader] - System.err - at java.lang.Thread.run(Thread.java:748)
2020-07-20 13:44:06,947 ERROR [DisconnectableInputStream source reader] - System.err - Caused by: java.io.IOException: Input Stream Closed
2020-07-20 13:44:06,947 ERROR [DisconnectableInputStream source reader] - System.err - at org.eclipse.ui.console.IOConsoleInputStream.available(IOConsoleInputStream.java:271)
2020-07-20 13:44:06,947 ERROR [DisconnectableInputStream source reader] - System.err - at org.eclipse.ui.console.IOConsoleInputStream.read(IOConsoleInputStream.java:98)
2020-07-20 13:44:06,947 ERROR [DisconnectableInputStream source reader] - System.err - at org.gradle.util.DisconnectableInputStream$1.run(DisconnectableInputStream.java:98)
2020-07-20 13:44:06,947 ERROR [DisconnectableInputStream source reader] - System.err - ... 1 more
2020-07-20 13:44:06,947 ERROR [DisconnectableInputStream source reader] - System.err - org.gradle.api.UncheckedIOException: java.io.IOException: Input Stream Closed
2020-07-20 13:44:06,947 ERROR [DisconnectableInputStream source reader] - System.err - at org.gradle.internal.UncheckedException.throwAsUncheckedException(UncheckedException.java:61)
2020-07-20 13:44:06,947 ERROR [DisconnectableInputStream source reader] - System.err - at org.gradle.internal.UncheckedException.throwAsUncheckedException(UncheckedException.java:41)
2020-07-20 13:44:06,947 ERROR [DisconnectableInputStream source reader] - System.err - at org.gradle.util.DisconnectableInputStream$1.run(DisconnectableInputStream.java:127)
2020-07-20 13:44:06,947 ERROR [DisconnectableInputStream source reader] - System.err - at java.lang.Thread.run(Thread.java:748)
2020-07-20 13:44:06,947 ERROR [DisconnectableInputStream source reader] - System.err - Caused by: java.io.IOException: Input Stream Closed
2020-07-20 13:44:06,947 ERROR [DisconnectableInputStream source reader] - System.err - at org.eclipse.ui.console.IOConsoleInputStream.available(IOConsoleInputStream.java:271)
2020-07-20 13:44:06,947 ERROR [DisconnectableInputStream source reader] - System.err - at org.eclipse.ui.console.IOConsoleInputStream.read(IOConsoleInputStream.java:98)
2020-07-20 13:44:06,947 ERROR [DisconnectableInputStream source reader] - System.err - at org.gradle.util.DisconnectableInputStream$1.run(DisconnectableInputStream.java:98)
2020-07-20 13:44:06,947 ERROR [DisconnectableInputStream source reader] - System.err - ... 1 more
2020-07-20 13:44:06,947 ERROR [DisconnectableInputStream source reader] - System.err - org.gradle.api.UncheckedIOException: java.io.IOException: Input Stream Closed
2020-07-20 13:44:06,947 ERROR [DisconnectableInputStream source reader] - System.err - at org.gradle.internal.UncheckedException.throwAsUncheckedException(UncheckedException.java:61)
2020-07-20 13:44:06,947 ERROR [DisconnectableInputStream source reader] - System.err - at org.gradle.internal.UncheckedException.throwAsUncheckedException(UncheckedException.java:41)
2020-07-20 13:44:06,947 ERROR [DisconnectableInputStream source reader] - System.err - at org.gradle.util.DisconnectableInputStream$1.run(DisconnectableInputStream.java:127)
2020-07-20 13:44:06,947 ERROR [DisconnectableInputStream source reader] - System.err - at java.lang.Thread.run(Thread.java:748)
2020-07-20 13:44:06,947 ERROR [DisconnectableInputStream source reader] - System.err - Caused by: java.io.IOException: Input Stream Closed
2020-07-20 13:44:06,947 ERROR [DisconnectableInputStream source reader] - System.err - at org.eclipse.ui.console.IOConsoleInputStream.available(IOConsoleInputStream.java:271)
2020-07-20 13:44:06,948 ERROR [DisconnectableInputStream source reader] - System.err - at org.eclipse.ui.console.IOConsoleInputStream.read(IOConsoleInputStream.java:98)
2020-07-20 13:44:06,948 ERROR [DisconnectableInputStream source reader] - System.err - at org.gradle.util.DisconnectableInputStream$1.run(DisconnectableInputStream.java:98)
2020-07-20 13:44:06,948 ERROR [DisconnectableInputStream source reader] - System.err - ... 1 more
2020-07-20 13:44:06,948 ERROR [DisconnectableInputStream source reader] - System.err - org.gradle.api.UncheckedIOException: java.io.IOException: Input Stream Closed
2020-07-20 13:44:06,948 ERROR [DisconnectableInputStream source reader] - System.err - at org.gradle.internal.UncheckedException.throwAsUncheckedException(UncheckedException.java:61)
2020-07-20 13:44:06,948 ERROR [DisconnectableInputStream source reader] - System.err - at org.gradle.internal.UncheckedException.throwAsUncheckedException(UncheckedException.java:41)
2020-07-20 13:44:06,948 ERROR [DisconnectableInputStream source reader] - System.err - at org.gradle.util.DisconnectableInputStream$1.run(DisconnectableInputStream.java:127)
2020-07-20 13:44:06,948 ERROR [DisconnectableInputStream source reader] - System.err - at java.lang.Thread.run(Thread.java:748)
2020-07-20 13:44:06,948 ERROR [DisconnectableInputStream source reader] - System.err - Caused by: java.io.IOException: Input Stream Closed
2020-07-20 13:44:06,948 ERROR [DisconnectableInputStream source reader] - System.err - at org.eclipse.ui.console.IOConsoleInputStream.available(IOConsoleInputStream.java:271)
2020-07-20 13:44:06,948 ERROR [DisconnectableInputStream source reader] - System.err - at org.eclipse.ui.console.IOConsoleInputStream.read(IOConsoleInputStream.java:98)
2020-07-20 13:44:06,948 ERROR [DisconnectableInputStream source reader] - System.err - at org.gradle.util.DisconnectableInputStream$1.run(DisconnectableInputStream.java:98)
2020-07-20 13:44:06,948 ERROR [DisconnectableInputStream source reader] - System.err - ... 1 more
2020-07-20 13:44:06,948 ERROR [DisconnectableInputStream source reader] - System.err - org.gradle.api.UncheckedIOException: java.io.IOException: Input Stream Closed
2020-07-20 13:44:06,948 ERROR [DisconnectableInputStream source reader] - System.err - at org.gradle.internal.UncheckedException.throwAsUncheckedException(UncheckedException.java:61)
2020-07-20 13:44:06,948 ERROR [DisconnectableInputStream source reader] - System.err - at org.gradle.internal.UncheckedException.throwAsUncheckedException(UncheckedException.java:41)
2020-07-20 13:44:06,948 ERROR [DisconnectableInputStream source reader] - System.err - at org.gradle.util.DisconnectableInputStream$1.run(DisconnectableInputStream.java:127)
2020-07-20 13:44:06,948 ERROR [DisconnectableInputStream source reader] - System.err - at java.lang.Thread.run(Thread.java:748)
2020-07-20 13:44:06,948 ERROR [DisconnectableInputStream source reader] - System.err - Caused by: java.io.IOException: Input Stream Closed
2020-07-20 13:44:06,948 ERROR [DisconnectableInputStream source reader] - System.err - at org.eclipse.ui.console.IOConsoleInputStream.available(IOConsoleInputStream.java:271)
2020-07-20 13:44:06,948 ERROR [DisconnectableInputStream source reader] - System.err - at org.eclipse.ui.console.IOConsoleInputStream.read(IOConsoleInputStream.java:98)
2020-07-20 13:44:06,948 ERROR [DisconnectableInputStream source reader] - System.err - at org.gradle.util.DisconnectableInputStream$1.run(DisconnectableInputStream.java:98)
2020-07-20 13:44:06,948 ERROR [DisconnectableInputStream source reader] - System.err - ... 1 more
2020-07-20 13:44:06,948 ERROR [DisconnectableInputStream source reader] - System.err - org.gradle.api.UncheckedIOException: java.io.IOException: Input Stream Closed
2020-07-20 13:44:06,948 ERROR [DisconnectableInputStream source reader] - System.err - at org.gradle.internal.UncheckedException.throwAsUncheckedException(UncheckedException.java:61)
2020-07-20 13:44:06,948 ERROR [DisconnectableInputStream source reader] - System.err - at org.gradle.internal.UncheckedException.throwAsUncheckedException(UncheckedException.java:41)
2020-07-20 13:44:06,949 ERROR [DisconnectableInputStream source reader] - System.err - at org.gradle.util.DisconnectableInputStream$1.run(DisconnectableInputStream.java:127)
2020-07-20 13:44:06,949 ERROR [DisconnectableInputStream source reader] - System.err - at java.lang.Thread.run(Thread.java:748)
2020-07-20 13:44:06,949 ERROR [DisconnectableInputStream source reader] - System.err - Caused by: java.io.IOException: Input Stream Closed
2020-07-20 13:44:06,949 ERROR [DisconnectableInputStream source reader] - System.err - at org.eclipse.ui.console.IOConsoleInputStream.available(IOConsoleInputStream.java:271)
2020-07-20 13:44:06,949 ERROR [DisconnectableInputStream source reader] - System.err - at org.eclipse.ui.console.IOConsoleInputStream.read(IOConsoleInputStream.java:98)
2020-07-20 13:44:06,949 ERROR [DisconnectableInputStream source reader] - System.err - at org.gradle.util.DisconnectableInputStream$1.run(DisconnectableInputStream.java:98)
2020-07-20 13:44:06,949 ERROR [DisconnectableInputStream source reader] - System.err - ... 1 more
2020-07-20 13:44:06,949 ERROR [DisconnectableInputStream source reader] - System.err - org.gradle.api.UncheckedIOException: java.io.IOException: Input Stream Closed
2020-07-20 13:44:06,949 ERROR [DisconnectableInputStream source reader] - System.err - at org.gradle.internal.UncheckedException.throwAsUncheckedException(UncheckedException.java:61)
2020-07-20 13:44:06,949 ERROR [DisconnectableInputStream source reader] - System.err - at org.gradle.internal.UncheckedException.throwAsUncheckedException(UncheckedException.java:41)
2020-07-20 13:44:06,949 ERROR [DisconnectableInputStream source reader] - System.err - at org.gradle.util.DisconnectableInputStream$1.run(DisconnectableInputStream.java:127)
2020-07-20 13:44:06,949 ERROR [DisconnectableInputStream source reader] - System.err - at java.lang.Thread.run(Thread.java:748)
2020-07-20 13:44:06,949 ERROR [DisconnectableInputStream source reader] - System.err - Caused by: java.io.IOException: Input Stream Closed
2020-07-20 13:44:06,949 ERROR [DisconnectableInputStream source reader] - System.err - at org.eclipse.ui.console.IOConsoleInputStream.available(IOConsoleInputStream.java:271)
2020-07-20 13:44:06,949 ERROR [DisconnectableInputStream source reader] - System.err - at org.eclipse.ui.console.IOConsoleInputStream.read(IOConsoleInputStream.java:98)
2020-07-20 13:44:06,949 ERROR [DisconnectableInputStream source reader] - System.err - at org.gradle.util.DisconnectableInputStream$1.run(DisconnectableInputStream.java:98)
2020-07-20 13:44:06,949 ERROR [DisconnectableInputStream source reader] - System.err - ... 1 more
2020-07-20 13:44:06,949 ERROR [DisconnectableInputStream source reader] - System.err - org.gradle.api.UncheckedIOException: java.io.IOException: Input Stream Closed
2020-07-20 13:44:06,949 ERROR [DisconnectableInputStream source reader] - System.err - at org.gradle.internal.UncheckedException.throwAsUncheckedException(UncheckedException.java:61)
2020-07-20 13:44:06,949 ERROR [DisconnectableInputStream source reader] - System.err - at org.gradle.internal.UncheckedException.throwAsUncheckedException(UncheckedException.java:41)
2020-07-20 13:44:06,949 ERROR [DisconnectableInputStream source reader] - System.err - at org.gradle.util.DisconnectableInputStream$1.run(DisconnectableInputStream.java:127)
2020-07-20 13:44:06,949 ERROR [DisconnectableInputStream source reader] - System.err - at java.lang.Thread.run(Thread.java:748)
2020-07-20 13:44:06,949 ERROR [DisconnectableInputStream source reader] - System.err - Caused by: java.io.IOException: Input Stream Closed
2020-07-20 13:44:06,949 ERROR [DisconnectableInputStream source reader] - System.err - at org.eclipse.ui.console.IOConsoleInputStream.available(IOConsoleInputStream.java:271)
2020-07-20 13:44:06,949 ERROR [DisconnectableInputStream source reader] - System.err - at org.eclipse.ui.console.IOConsoleInputStream.read(IOConsoleInputStream.java:98)
2020-07-20 13:44:06,949 ERROR [DisconnectableInputStream source reader] - System.err - at org.gradle.util.DisconnectableInputStream$1.run(DisconnectableInputStream.java:98)
2020-07-20 13:44:06,949 ERROR [DisconnectableInputStream source reader] - System.err - ... 1 more
2020-07-20 13:44:06,949 ERROR [DisconnectableInputStream source reader] - System.err - org.gradle.api.UncheckedIOException: java.io.IOException: Input Stream Closed
2020-07-20 13:44:06,949 ERROR [DisconnectableInputStream source reader] - System.err - at org.gradle.internal.UncheckedException.throwAsUncheckedException(UncheckedException.java:61)
2020-07-20 13:44:06,949 ERROR [DisconnectableInputStream source reader] - System.err - at org.gradle.internal.UncheckedException.throwAsUncheckedException(UncheckedException.java:41)
2020-07-20 13:44:06,949 ERROR [DisconnectableInputStream source reader] - System.err - at org.gradle.util.DisconnectableInputStream$1.run(DisconnectableInputStream.java:127)
2020-07-20 13:44:06,949 ERROR [DisconnectableInputStream source reader] - System.err - at java.lang.Thread.run(Thread.java:748)
2020-07-20 13:44:06,949 ERROR [DisconnectableInputStream source reader] - System.err - Caused by: java.io.IOException: Input Stream Closed
2020-07-20 13:44:06,949 ERROR [DisconnectableInputStream source reader] - System.err - at org.eclipse.ui.console.IOConsoleInputStream.available(IOConsoleInputStream.java:271)
2020-07-20 13:44:06,950 ERROR [DisconnectableInputStream source reader] - System.err - at org.eclipse.ui.console.IOConsoleInputStream.read(IOConsoleInputStream.java:98)
2020-07-20 13:44:06,950 ERROR [DisconnectableInputStream source reader] - System.err - at org.gradle.util.DisconnectableInputStream$1.run(DisconnectableInputStream.java:98)
2020-07-20 13:44:06,950 ERROR [DisconnectableInputStream source reader] - System.err - ... 1 more
2020-07-20 13:44:06,950 ERROR [DisconnectableInputStream source reader] - System.err - Exception in thread "DisconnectableInputStream source reader"
2020-07-20 13:44:06,950 ERROR [DisconnectableInputStream source reader] - System.err - Exception in thread "DisconnectableInputStream source reader"
2020-07-20 13:44:06,950 ERROR [DisconnectableInputStream source reader] - System.err - org.gradle.api.UncheckedIOException: java.io.IOException: Input Stream Closed
2020-07-20 13:44:06,950 ERROR [DisconnectableInputStream source reader] - System.err - at org.gradle.internal.UncheckedException.throwAsUncheckedException(UncheckedException.java:61)
2020-07-20 13:44:06,950 ERROR [DisconnectableInputStream source reader] - System.err - at org.gradle.internal.UncheckedException.throwAsUncheckedException(UncheckedException.java:41)
2020-07-20 13:44:06,950 ERROR [DisconnectableInputStream source reader] - System.err - at org.gradle.util.DisconnectableInputStream$1.run(DisconnectableInputStream.java:127)
2020-07-20 13:44:06,950 ERROR [DisconnectableInputStream source reader] - System.err - at java.lang.Thread.run(Thread.java:748)
2020-07-20 13:44:06,950 ERROR [DisconnectableInputStream source reader] - System.err - Caused by: java.io.IOException: Input Stream Closed
2020-07-20 13:44:06,950 ERROR [DisconnectableInputStream source reader] - System.err - at org.eclipse.ui.console.IOConsoleInputStream.available(IOConsoleInputStream.java:271)
2020-07-20 13:44:06,950 ERROR [DisconnectableInputStream source reader] - System.err - at org.eclipse.ui.console.IOConsoleInputStream.read(IOConsoleInputStream.java:98)
2020-07-20 13:44:06,950 ERROR [DisconnectableInputStream source reader] - System.err - at org.gradle.util.DisconnectableInputStream$1.run(DisconnectableInputStream.java:98)
2020-07-20 13:44:06,950 ERROR [DisconnectableInputStream source reader] - System.err - ... 1 more
2020-07-20 13:44:06,950 ERROR [DisconnectableInputStream source reader] - System.err - org.gradle.api.UncheckedIOException: java.io.IOException: Input Stream Closed
2020-07-20 13:44:06,950 ERROR [DisconnectableInputStream source reader] - System.err - at org.gradle.internal.UncheckedException.throwAsUncheckedException(UncheckedException.java:61)
2020-07-20 13:44:06,950 ERROR [DisconnectableInputStream source reader] - System.err - at org.gradle.internal.UncheckedException.throwAsUncheckedException(UncheckedException.java:41)
2020-07-20 13:44:06,950 ERROR [DisconnectableInputStream source reader] - System.err - at org.gradle.util.DisconnectableInputStream$1.run(DisconnectableInputStream.java:127)
2020-07-20 13:44:06,950 ERROR [DisconnectableInputStream source reader] - System.err - at java.lang.Thread.run(Thread.java:748)
2020-07-20 13:44:06,950 ERROR [DisconnectableInputStream source reader] - System.err - Caused by: java.io.IOException: Input Stream Closed
2020-07-20 13:44:06,950 ERROR [DisconnectableInputStream source reader] - System.err - at org.eclipse.ui.console.IOConsoleInputStream.available(IOConsoleInputStream.java:271)
2020-07-20 13:44:06,950 ERROR [DisconnectableInputStream source reader] - System.err - at org.eclipse.ui.console.IOConsoleInputStream.read(IOConsoleInputStream.java:98)
2020-07-20 13:44:06,951 ERROR [DisconnectableInputStream source reader] - System.err - at org.gradle.util.DisconnectableInputStream$1.run(DisconnectableInputStream.java:98)
2020-07-20 13:44:06,951 ERROR [DisconnectableInputStream source reader] - System.err - ... 1 more
2020-07-20 13:44:06,951 ERROR [DisconnectableInputStream source reader] - System.err - org.gradle.api.UncheckedIOException: java.io.IOException: Input Stream Closed
2020-07-20 13:44:06,951 ERROR [DisconnectableInputStream source reader] - System.err - at org.gradle.internal.UncheckedException.throwAsUncheckedException(UncheckedException.java:61)
2020-07-20 13:44:06,951 ERROR [DisconnectableInputStream source reader] - System.err - at org.gradle.internal.UncheckedException.throwAsUncheckedException(UncheckedException.java:41)
2020-07-20 13:44:06,951 ERROR [DisconnectableInputStream source reader] - System.err - at org.gradle.util.DisconnectableInputStream$1.run(DisconnectableInputStream.java:127)
2020-07-20 13:44:06,951 ERROR [DisconnectableInputStream source reader] - System.err - at java.lang.Thread.run(Thread.java:748)
2020-07-20 13:44:06,951 ERROR [DisconnectableInputStream source reader] - System.err - Caused by: java.io.IOException: Input Stream Closed
2020-07-20 13:44:06,951 ERROR [DisconnectableInputStream source reader] - System.err - at org.eclipse.ui.console.IOConsoleInputStream.available(IOConsoleInputStream.java:271)
2020-07-20 13:44:06,951 ERROR [DisconnectableInputStream source reader] - System.err - at org.eclipse.ui.console.IOConsoleInputStream.read(IOConsoleInputStream.java:98)
2020-07-20 13:44:06,951 ERROR [DisconnectableInputStream source reader] - System.err - at org.gradle.util.DisconnectableInputStream$1.run(DisconnectableInputStream.java:98)
2020-07-20 13:44:06,951 ERROR [DisconnectableInputStream source reader] - System.err - ... 1 more
2020-07-20 13:45:50,672 ERROR [main] - Statistics - Statistics file `/Users/lundi/.scalaide/statistics` is corrupted. A new one is being created. Corrupted content was:

com.cedarsoftware.util.io.JsonIoException: error parsing JSON value
	at com.cedarsoftware.util.io.JsonReader.readObject(JsonReader.java:529)
	at com.cedarsoftware.util.io.JsonReader.jsonToJava(JsonReader.java:289)
	at com.cedarsoftware.util.io.JsonReader.jsonToJava(JsonReader.java:262)
	at org.scalaide.core.internal.statistics.Statistics.read(Statistics.scala:74)
	at org.scalaide.core.internal.statistics.Statistics.$anonfun$readStats$1(Statistics.scala:52)
	at org.scalaide.core.internal.statistics.Statistics.$anonfun$readStats$1$adapted(Statistics.scala:51)
	at org.scalaide.core.ScalaIdeDataStore$.$anonfun$validate$2(ScalaIdeDataStore.scala:59)
	at org.scalaide.util.eclipse.EclipseUtils$$anon$3.run(EclipseUtils.scala:230)
	at org.eclipse.core.runtime.SafeRunner.run(SafeRunner.java:45)
	at org.scalaide.util.eclipse.EclipseUtils$.withSafeRunner(EclipseUtils.scala:226)
	at org.scalaide.core.ScalaIdeDataStore$.validate(ScalaIdeDataStore.scala:59)
	at org.scalaide.core.internal.statistics.Statistics.readStats(Statistics.scala:51)
	at org.scalaide.core.internal.statistics.Statistics.<init>(Statistics.scala:30)
	at org.scalaide.core.internal.ScalaPlugin.stats$lzycompute(ScalaPlugin.scala:135)
	at org.scalaide.core.internal.ScalaPlugin.stats(ScalaPlugin.scala:135)
	at org.scalaide.core.internal.ScalaPlugin.statistics(ScalaPlugin.scala:138)
	at org.scalaide.core.internal.ScalaPlugin.start(ScalaPlugin.scala:109)
	at org.eclipse.osgi.internal.framework.BundleContextImpl$3.run(BundleContextImpl.java:815)
	at org.eclipse.osgi.internal.framework.BundleContextImpl$3.run(BundleContextImpl.java:1)
	at java.security.AccessController.doPrivileged(Native Method)
	at org.eclipse.osgi.internal.framework.BundleContextImpl.startActivator(BundleContextImpl.java:808)
	at org.eclipse.osgi.internal.framework.BundleContextImpl.start(BundleContextImpl.java:765)
	at org.eclipse.osgi.internal.framework.EquinoxBundle.startWorker0(EquinoxBundle.java:1005)
	at org.eclipse.osgi.internal.framework.EquinoxBundle$EquinoxModule.startWorker(EquinoxBundle.java:357)
	at org.eclipse.osgi.container.Module.doStart(Module.java:589)
	at org.eclipse.osgi.container.Module.start(Module.java:457)
	at org.eclipse.osgi.framework.util.SecureAction.start(SecureAction.java:471)
	at org.eclipse.osgi.internal.hooks.EclipseLazyStarter.postFindLocalClass(EclipseLazyStarter.java:117)
	at org.eclipse.osgi.internal.loader.classpath.ClasspathManager.findLocalClass(ClasspathManager.java:570)
	at org.eclipse.osgi.internal.loader.ModuleClassLoader.findLocalClass(ModuleClassLoader.java:331)
	at org.eclipse.osgi.internal.loader.BundleLoader.findLocalClass(BundleLoader.java:395)
	at org.eclipse.osgi.internal.loader.BundleLoader.findClassInternal(BundleLoader.java:473)
	at org.eclipse.osgi.internal.loader.BundleLoader.findClass(BundleLoader.java:422)
	at org.eclipse.osgi.internal.loader.BundleLoader.findClass(BundleLoader.java:414)
	at org.eclipse.osgi.internal.loader.ModuleClassLoader.loadClass(ModuleClassLoader.java:153)
	at java.lang.ClassLoader.loadClass(ClassLoader.java:357)
	at org.eclipse.osgi.internal.framework.EquinoxBundle.loadClass(EquinoxBundle.java:612)
	at org.eclipse.core.internal.registry.osgi.RegistryStrategyOSGI.createExecutableExtension(RegistryStrategyOSGI.java:196)
	at org.eclipse.core.internal.registry.ExtensionRegistry.createExecutableExtension(ExtensionRegistry.java:934)
	at org.eclipse.core.internal.registry.ConfigurationElement.createExecutableExtension(ConfigurationElement.java:246)
	at org.eclipse.core.internal.registry.ConfigurationElementHandle.createExecutableExtension(ConfigurationElementHandle.java:63)
	at scala.tools.eclipse.contribution.weaving.jdt.imagedescriptor.ImageDescriptorSelectorRegistry.registerSelectors(ImageDescriptorSelectorRegistry.java:74)
	at scala.tools.eclipse.contribution.weaving.jdt.imagedescriptor.ImageDescriptorSelectorRegistry.iterator(ImageDescriptorSelectorRegistry.java:88)
	at scala.tools.eclipse.contribution.weaving.jdt.imagedescriptor.ImageDescriptorSelectorAspect.getImageDescriptor(ImageDescriptorSelectorAspect.aj:101)
	at scala.tools.eclipse.contribution.weaving.jdt.imagedescriptor.ImageDescriptorSelectorAspect.ajc$privMethod$scala_tools_eclipse_contribution_weaving_jdt_imagedescriptor_ImageDescriptorSelectorAspect$scala_tools_eclipse_contribution_weaving_jdt_imagedescriptor_ImageDescriptorSelectorAspect$getImageDescriptor(ImageDescriptorSelectorAspect.aj:1)
	at scala.tools.eclipse.contribution.weaving.jdt.imagedescriptor.ImageDescriptorSelectorAspect.ajc$around$scala_tools_eclipse_contribution_weaving_jdt_imagedescriptor_ImageDescriptorSelectorAspect$2$80f5da8d(ImageDescriptorSelectorAspect.aj:91)
	at org.eclipse.jdt.internal.ui.viewsupport.JavaElementImageProvider.computeDescriptor(JavaElementImageProvider.java:125)
	at org.eclipse.jdt.internal.ui.viewsupport.JavaElementImageProvider.getImageLabel(JavaElementImageProvider.java:107)
	at org.eclipse.jdt.internal.ui.viewsupport.JavaUILabelProvider.getImage(JavaUILabelProvider.java:145)
	at org.eclipse.jdt.internal.ui.packageview.PackageExplorerLabelProvider.getImage(PackageExplorerLabelProvider.java:140)
	at org.eclipse.jdt.internal.ui.navigator.JavaNavigatorLabelProvider.getImage(JavaNavigatorLabelProvider.java:137)
	at org.eclipse.ui.internal.navigator.NavigatorContentServiceLabelProvider.findImage(NavigatorContentServiceLabelProvider.java:202)
	at org.eclipse.ui.internal.navigator.NavigatorContentServiceLabelProvider.getColumnImage(NavigatorContentServiceLabelProvider.java:110)
	at org.eclipse.ui.internal.navigator.NavigatorContentServiceLabelProvider.getImage(NavigatorContentServiceLabelProvider.java:102)
	at org.eclipse.ui.internal.navigator.NavigatorDecoratingLabelProvider$StyledLabelProviderAdapter.getImage(NavigatorDecoratingLabelProvider.java:60)
	at org.eclipse.jface.viewers.DelegatingStyledCellLabelProvider.getImage(DelegatingStyledCellLabelProvider.java:198)
	at org.eclipse.jface.viewers.DecoratingStyledCellLabelProvider.getImage(DecoratingStyledCellLabelProvider.java:171)
	at org.eclipse.jface.viewers.DelegatingStyledCellLabelProvider._update(DelegatingStyledCellLabelProvider.java:124)
	at org.eclipse.jface.viewers.DelegatingStyledCellLabelProvider.update(DelegatingStyledCellLabelProvider.java:112)
	at org.eclipse.jface.viewers.DecoratingStyledCellLabelProvider.update(DecoratingStyledCellLabelProvider.java:134)
	at org.eclipse.jface.viewers.ViewerColumn.refresh(ViewerColumn.java:144)
	at org.eclipse.jface.viewers.AbstractTreeViewer.doUpdateItem(AbstractTreeViewer.java:946)
	at org.eclipse.jface.viewers.AbstractTreeViewer$UpdateItemSafeRunnable.run(AbstractTreeViewer.java:120)
	at org.eclipse.core.runtime.SafeRunner.run(SafeRunner.java:45)
	at org.eclipse.ui.internal.JFaceUtil.lambda$0(JFaceUtil.java:47)
	at org.eclipse.jface.util.SafeRunnable.run(SafeRunnable.java:176)
	at org.eclipse.jface.viewers.AbstractTreeViewer.doUpdateItem(AbstractTreeViewer.java:1025)
	at org.eclipse.jface.viewers.StructuredViewer$UpdateItemSafeRunnable.run(StructuredViewer.java:478)
	at org.eclipse.core.runtime.SafeRunner.run(SafeRunner.java:45)
	at org.eclipse.ui.internal.JFaceUtil.lambda$0(JFaceUtil.java:47)
	at org.eclipse.jface.util.SafeRunnable.run(SafeRunnable.java:176)
	at org.eclipse.jface.viewers.StructuredViewer.updateItem(StructuredViewer.java:2160)
	at org.eclipse.jface.viewers.AbstractTreeViewer.createTreeItem(AbstractTreeViewer.java:840)
	at org.eclipse.jface.viewers.AbstractTreeViewer.createChildren(AbstractTreeViewer.java:818)
	at org.eclipse.jface.viewers.TreeViewer.createChildren(TreeViewer.java:604)
	at org.eclipse.jface.viewers.AbstractTreeViewer.createChildren(AbstractTreeViewer.java:766)
	at org.eclipse.jface.viewers.AbstractTreeViewer.internalInitializeTree(AbstractTreeViewer.java:1586)
	at org.eclipse.jface.viewers.TreeViewer.internalInitializeTree(TreeViewer.java:780)
	at org.eclipse.jface.viewers.AbstractTreeViewer.lambda$1(AbstractTreeViewer.java:1571)
	at org.eclipse.jface.viewers.StructuredViewer.preservingSelection(StructuredViewer.java:1448)
	at org.eclipse.jface.viewers.TreeViewer.preservingSelection(TreeViewer.java:363)
	at org.eclipse.jface.viewers.StructuredViewer.preservingSelection(StructuredViewer.java:1409)
	at org.eclipse.jface.viewers.AbstractTreeViewer.inputChanged(AbstractTreeViewer.java:1565)
	at org.eclipse.jface.viewers.ContentViewer.setInput(ContentViewer.java:282)
	at org.eclipse.jface.viewers.StructuredViewer.setInput(StructuredViewer.java:1686)
	at org.eclipse.ui.navigator.CommonNavigator.createPartControl(CommonNavigator.java:206)
	at org.eclipse.ui.navigator.resources.ProjectExplorer.createPartControl(ProjectExplorer.java:145)
	at org.eclipse.ui.internal.e4.compatibility.CompatibilityPart.createPartControl(CompatibilityPart.java:156)
	at org.eclipse.ui.internal.e4.compatibility.CompatibilityView.createPartControl(CompatibilityView.java:155)
	at org.eclipse.ui.internal.e4.compatibility.CompatibilityPart.create(CompatibilityPart.java:367)
	at sun.reflect.NativeMethodAccessorImpl.invoke0(Native Method)
	at sun.reflect.NativeMethodAccessorImpl.invoke(NativeMethodAccessorImpl.java:62)
	at sun.reflect.DelegatingMethodAccessorImpl.invoke(DelegatingMethodAccessorImpl.java:43)
	at java.lang.reflect.Method.invoke(Method.java:498)
	at org.eclipse.e4.core.internal.di.MethodRequestor.execute(MethodRequestor.java:58)
	at org.eclipse.e4.core.internal.di.InjectorImpl.processAnnotated(InjectorImpl.java:1001)
	at org.eclipse.e4.core.internal.di.InjectorImpl.processAnnotated(InjectorImpl.java:966)
	at org.eclipse.e4.core.internal.di.InjectorImpl.internalInject(InjectorImpl.java:139)
	at org.eclipse.e4.core.internal.di.InjectorImpl.internalMake(InjectorImpl.java:411)
	at org.eclipse.e4.core.internal.di.InjectorImpl.make(InjectorImpl.java:333)
	at org.eclipse.e4.core.contexts.ContextInjectionFactory.make(ContextInjectionFactory.java:202)
	at org.eclipse.e4.ui.internal.workbench.ReflectionContributionFactory.createFromBundle(ReflectionContributionFactory.java:91)
	at org.eclipse.e4.ui.internal.workbench.ReflectionContributionFactory.doCreate(ReflectionContributionFactory.java:60)
	at org.eclipse.e4.ui.internal.workbench.ReflectionContributionFactory.create(ReflectionContributionFactory.java:42)
	at org.eclipse.e4.ui.workbench.renderers.swt.ContributedPartRenderer.createWidget(ContributedPartRenderer.java:132)
	at org.eclipse.e4.ui.internal.workbench.swt.PartRenderingEngine.createWidget(PartRenderingEngine.java:1015)
	at org.eclipse.e4.ui.internal.workbench.swt.PartRenderingEngine.safeCreateGui(PartRenderingEngine.java:675)
	at org.eclipse.e4.ui.internal.workbench.swt.PartRenderingEngine$1.run(PartRenderingEngine.java:560)
	at org.eclipse.core.runtime.SafeRunner.run(SafeRunner.java:45)
	at org.eclipse.e4.ui.internal.workbench.swt.PartRenderingEngine.createGui(PartRenderingEngine.java:544)
	at org.eclipse.e4.ui.workbench.renderers.swt.ElementReferenceRenderer.createWidget(ElementReferenceRenderer.java:73)
	at org.eclipse.e4.ui.internal.workbench.swt.PartRenderingEngine.createWidget(PartRenderingEngine.java:1015)
	at org.eclipse.e4.ui.internal.workbench.swt.PartRenderingEngine.safeCreateGui(PartRenderingEngine.java:675)
	at org.eclipse.e4.ui.internal.workbench.swt.PartRenderingEngine.safeCreateGui(PartRenderingEngine.java:781)
	at org.eclipse.e4.ui.internal.workbench.swt.PartRenderingEngine.access$0(PartRenderingEngine.java:752)
	at org.eclipse.e4.ui.internal.workbench.swt.PartRenderingEngine$2.run(PartRenderingEngine.java:746)
	at org.eclipse.core.runtime.SafeRunner.run(SafeRunner.java:45)
	at org.eclipse.e4.ui.internal.workbench.swt.PartRenderingEngine.createGui(PartRenderingEngine.java:730)
	at org.eclipse.e4.ui.workbench.renderers.swt.StackRenderer.showTab(StackRenderer.java:1295)
	at org.eclipse.e4.ui.workbench.renderers.swt.LazyStackRenderer.postProcess(LazyStackRenderer.java:105)
	at org.eclipse.e4.ui.internal.workbench.swt.PartRenderingEngine.safeCreateGui(PartRenderingEngine.java:693)
	at org.eclipse.e4.ui.internal.workbench.swt.PartRenderingEngine.safeCreateGui(PartRenderingEngine.java:781)
	at org.eclipse.e4.ui.internal.workbench.swt.PartRenderingEngine.access$0(PartRenderingEngine.java:752)
	at org.eclipse.e4.ui.internal.workbench.swt.PartRenderingEngine$2.run(PartRenderingEngine.java:746)
	at org.eclipse.core.runtime.SafeRunner.run(SafeRunner.java:45)
	at org.eclipse.e4.ui.internal.workbench.swt.PartRenderingEngine.createGui(PartRenderingEngine.java:730)
	at org.eclipse.e4.ui.workbench.renderers.swt.SWTPartRenderer.processContents(SWTPartRenderer.java:72)
	at org.eclipse.e4.ui.workbench.renderers.swt.SashRenderer.processContents(SashRenderer.java:140)
	at org.eclipse.e4.ui.internal.workbench.swt.PartRenderingEngine.safeCreateGui(PartRenderingEngine.java:689)
	at org.eclipse.e4.ui.internal.workbench.swt.PartRenderingEngine.safeCreateGui(PartRenderingEngine.java:781)
	at org.eclipse.e4.ui.internal.workbench.swt.PartRenderingEngine.access$0(PartRenderingEngine.java:752)
	at org.eclipse.e4.ui.internal.workbench.swt.PartRenderingEngine$2.run(PartRenderingEngine.java:746)
	at org.eclipse.core.runtime.SafeRunner.run(SafeRunner.java:45)
	at org.eclipse.e4.ui.internal.workbench.swt.PartRenderingEngine.createGui(PartRenderingEngine.java:730)
	at org.eclipse.e4.ui.workbench.renderers.swt.SWTPartRenderer.processContents(SWTPartRenderer.java:72)
	at org.eclipse.e4.ui.workbench.renderers.swt.PerspectiveRenderer.processContents(PerspectiveRenderer.java:51)
	at org.eclipse.e4.ui.internal.workbench.swt.PartRenderingEngine.safeCreateGui(PartRenderingEngine.java:689)
	at org.eclipse.e4.ui.internal.workbench.swt.PartRenderingEngine.safeCreateGui(PartRenderingEngine.java:781)
	at org.eclipse.e4.ui.internal.workbench.swt.PartRenderingEngine.access$0(PartRenderingEngine.java:752)
	at org.eclipse.e4.ui.internal.workbench.swt.PartRenderingEngine$2.run(PartRenderingEngine.java:746)
	at org.eclipse.core.runtime.SafeRunner.run(SafeRunner.java:45)
	at org.eclipse.e4.ui.internal.workbench.swt.PartRenderingEngine.createGui(PartRenderingEngine.java:730)
	at org.eclipse.e4.ui.workbench.renderers.swt.PerspectiveStackRenderer.showTab(PerspectiveStackRenderer.java:82)
	at org.eclipse.e4.ui.workbench.renderers.swt.LazyStackRenderer.postProcess(LazyStackRenderer.java:105)
	at org.eclipse.e4.ui.workbench.renderers.swt.PerspectiveStackRenderer.postProcess(PerspectiveStackRenderer.java:64)
	at org.eclipse.e4.ui.internal.workbench.swt.PartRenderingEngine.safeCreateGui(PartRenderingEngine.java:693)
	at org.eclipse.e4.ui.internal.workbench.swt.PartRenderingEngine.safeCreateGui(PartRenderingEngine.java:781)
	at org.eclipse.e4.ui.internal.workbench.swt.PartRenderingEngine.access$0(PartRenderingEngine.java:752)
	at org.eclipse.e4.ui.internal.workbench.swt.PartRenderingEngine$2.run(PartRenderingEngine.java:746)
	at org.eclipse.core.runtime.SafeRunner.run(SafeRunner.java:45)
	at org.eclipse.e4.ui.internal.workbench.swt.PartRenderingEngine.createGui(PartRenderingEngine.java:730)
	at org.eclipse.e4.ui.workbench.renderers.swt.SWTPartRenderer.processContents(SWTPartRenderer.java:72)
	at org.eclipse.e4.ui.workbench.renderers.swt.SashRenderer.processContents(SashRenderer.java:140)
	at org.eclipse.e4.ui.internal.workbench.swt.PartRenderingEngine.safeCreateGui(PartRenderingEngine.java:689)
	at org.eclipse.e4.ui.internal.workbench.swt.PartRenderingEngine.safeCreateGui(PartRenderingEngine.java:781)
	at org.eclipse.e4.ui.internal.workbench.swt.PartRenderingEngine.access$0(PartRenderingEngine.java:752)
	at org.eclipse.e4.ui.internal.workbench.swt.PartRenderingEngine$2.run(PartRenderingEngine.java:746)
	at org.eclipse.core.runtime.SafeRunner.run(SafeRunner.java:45)
	at org.eclipse.e4.ui.internal.workbench.swt.PartRenderingEngine.createGui(PartRenderingEngine.java:730)
	at org.eclipse.e4.ui.workbench.renderers.swt.SWTPartRenderer.processContents(SWTPartRenderer.java:72)
	at org.eclipse.e4.ui.workbench.renderers.swt.WBWRenderer.processContents(WBWRenderer.java:665)
	at org.eclipse.e4.ui.internal.workbench.swt.PartRenderingEngine.safeCreateGui(PartRenderingEngine.java:689)
	at org.eclipse.e4.ui.internal.workbench.swt.PartRenderingEngine.safeCreateGui(PartRenderingEngine.java:781)
	at org.eclipse.e4.ui.internal.workbench.swt.PartRenderingEngine.access$0(PartRenderingEngine.java:752)
	at org.eclipse.e4.ui.internal.workbench.swt.PartRenderingEngine$2.run(PartRenderingEngine.java:746)
	at org.eclipse.core.runtime.SafeRunner.run(SafeRunner.java:45)
	at org.eclipse.e4.ui.internal.workbench.swt.PartRenderingEngine.createGui(PartRenderingEngine.java:730)
	at org.eclipse.e4.ui.internal.workbench.swt.PartRenderingEngine$5.run(PartRenderingEngine.java:1099)
	at org.eclipse.core.databinding.observable.Realm.runWithDefault(Realm.java:338)
	at org.eclipse.e4.ui.internal.workbench.swt.PartRenderingEngine.run(PartRenderingEngine.java:1062)
	at org.eclipse.e4.ui.internal.workbench.E4Workbench.createAndRunUI(E4Workbench.java:155)
	at org.eclipse.ui.internal.Workbench.lambda$3(Workbench.java:644)
	at org.eclipse.core.databinding.observable.Realm.runWithDefault(Realm.java:338)
	at org.eclipse.ui.internal.Workbench.createAndRunWorkbench(Workbench.java:566)
	at org.eclipse.ui.PlatformUI.createAndRunWorkbench(PlatformUI.java:150)
	at org.eclipse.ui.internal.ide.application.IDEApplication.start(IDEApplication.java:155)
	at org.eclipse.equinox.internal.app.EclipseAppHandle.run(EclipseAppHandle.java:203)
	at org.eclipse.core.runtime.internal.adaptor.EclipseAppLauncher.runApplication(EclipseAppLauncher.java:137)
	at org.eclipse.core.runtime.internal.adaptor.EclipseAppLauncher.start(EclipseAppLauncher.java:107)
	at org.eclipse.core.runtime.adaptor.EclipseStarter.run(EclipseStarter.java:400)
	at org.eclipse.core.runtime.adaptor.EclipseStarter.run(EclipseStarter.java:255)
	at sun.reflect.NativeMethodAccessorImpl.invoke0(Native Method)
	at sun.reflect.NativeMethodAccessorImpl.invoke(NativeMethodAccessorImpl.java:62)
	at sun.reflect.DelegatingMethodAccessorImpl.invoke(DelegatingMethodAccessorImpl.java:43)
	at java.lang.reflect.Method.invoke(Method.java:498)
	at org.eclipse.equinox.launcher.Main.invokeFramework(Main.java:661)
	at org.eclipse.equinox.launcher.Main.basicRun(Main.java:597)
	at org.eclipse.equinox.launcher.Main.run(Main.java:1476)
Caused by: com.cedarsoftware.util.io.JsonIoException: EOF reached prematurely
	at com.cedarsoftware.util.io.JsonParser.error(JsonParser.java:584)
	at com.cedarsoftware.util.io.JsonParser.readValue(JsonParser.java:278)
	at com.cedarsoftware.util.io.JsonReader.readObject(JsonReader.java:521)
	... 187 more
2020-07-20 13:45:50,701 ERROR [main] - System.err - [org.eclipse.jdt.launching] error can't determine implemented interfaces of missing type org.eclipse.jdt.internal.core.manipulation.JavaElementLabelComposerCore
 [Xlint:cantFindType]
2020-07-20 13:45:54,674 ERROR [Worker-7: Initialize] - System.err - 2020-07-20 13:45:54.673:INFO::Worker-7: Initialize: Logging initialized @23270ms
2020-07-20 13:45:54,776 ERROR [main] - System.err - [org.eclipse.jdt.debug] error can't determine implemented interfaces of missing type org.eclipse.jdt.internal.core.manipulation.JavaElementLabelComposerCore
 [Xlint:cantFindType]
2020-07-20 13:45:54,835 ERROR [Worker-4: Initializing CodeMix Engine] - System.err - Jul 20, 2020 1:45:54 PM org.glassfish.grizzly.nio.NIOTransport start
INFO: Adjusting kernel thread pool to max size 13 to handle configured number of SelectorRunners
2020-07-20 13:45:54,864 ERROR [Worker-4: Initializing CodeMix Engine] - System.err - Jul 20, 2020 1:45:54 PM org.glassfish.grizzly.http.server.NetworkListener start
INFO: Started listener bound to [127.0.0.1:58110]
2020-07-20 13:45:54,864 ERROR [Worker-4: Initializing CodeMix Engine] - System.err - Jul 20, 2020 1:45:54 PM org.glassfish.grizzly.http.server.HttpServer start
INFO: [HttpServer] Started.
2020-07-20 13:45:54,903 ERROR [Worker-4: Initializing CodeMix Engine] - System.err - Jul 20, 2020 1:45:54 PM org.glassfish.tyrus.server.Server start
INFO: WebSocket Registered apps: URLs all start with ws://127.0.0.1:58110
2020-07-20 13:45:54,903 ERROR [Worker-4: Initializing CodeMix Engine] - System.err - Jul 20, 2020 1:45:54 PM org.glassfish.tyrus.server.Server start
INFO: WebSocket server started.
2020-07-20 13:45:54,909 ERROR [org.eclipse.jdt.internal.ui.text.JavaReconciler] - System.err - [org.eclipse.pde.ui] error can't determine implemented interfaces of missing type org.eclipse.jdt.internal.core.manipulation.JavaElementLabelComposerCore
 [Xlint:cantFindType]
